#-----------------------------------------------------------
# xsim v2025.2 (64-bit)
# SW Build 6299465 on Fri Nov 14 12:34:56 MST 2025
# IP Build 6300035 on Fri Nov 14 10:48:45 MST 2025
# SharedData Build 6298862 on Thu Nov 13 04:50:51 MST 2025
# Start of session at: Wed Mar 25 18:36:21 2026
# Process ID         : 222485
# Current directory  : /home/alessio/ssd_data/Alessio/uni magistrale/Programmable_Hardware_Devices/FPGA-project/project/FPGA-project.sim/sim_1/behav/xsim
# Command line       : xsim -mode tcl -source {xsim.dir/uart_msg_loopback_tb_behav/xsim_script.tcl}
# Log file           : /home/alessio/ssd_data/Alessio/uni magistrale/Programmable_Hardware_Devices/FPGA-project/project/FPGA-project.sim/sim_1/behav/xsim/xsim.log
# Journal file       : /home/alessio/ssd_data/Alessio/uni magistrale/Programmable_Hardware_Devices/FPGA-project/project/FPGA-project.sim/sim_1/behav/xsim/xsim.jou
# Running On         : fedora.fritz.box
# Platform           : unknown
# Operating System   : unknown
# Processor Detail   : Intel(R) Core(TM) i7-9700 CPU @ 3.00GHz
# CPU Frequency      : 4481.052 MHz
# CPU Physical cores : 8
# CPU Logical cores  : 8
# Host memory        : 24866 MB
# Swap memory        : 8589 MB
# Total Virtual      : 33456 MB
# Available Virtual  : 19780 MB
#-----------------------------------------------------------
source xsim.dir/uart_msg_loopback_tb_behav/xsim_script.tcl
# xsim {uart_msg_loopback_tb_behav} -autoloadwcfg -tclbatch {/tmp/check_uart_msg.tcl}
Time resolution is 1 ps
source /tmp/check_uart_msg.tcl
## run 3 ms
Error: bench_req_valid was not pulsed
Time: 2083600 ns  Iteration: 0  Process: /uart_msg_loopback_tb/stimulus  File: /home/alessio/ssd_data/Alessio/uni magistrale/Programmable_Hardware_Devices/FPGA-project/project/uart_message_bin/uart_msg_loopback_tb.vhd
Error: bench_rsp_valid was not pulsed
Time: 2083600 ns  Iteration: 0  Process: /uart_msg_loopback_tb/stimulus  File: /home/alessio/ssd_data/Alessio/uni magistrale/Programmable_Hardware_Devices/FPGA-project/project/uart_message_bin/uart_msg_loopback_tb.vhd
Error: uart_tx_o never started a frame
Time: 2083600 ns  Iteration: 0  Process: /uart_msg_loopback_tb/stimulus  File: /home/alessio/ssd_data/Alessio/uni magistrale/Programmable_Hardware_Devices/FPGA-project/project/uart_message_bin/uart_msg_loopback_tb.vhd
Error: Received message mismatch
Time: 2083600 ns  Iteration: 0  Process: /uart_msg_loopback_tb/stimulus  File: /home/alessio/ssd_data/Alessio/uni magistrale/Programmable_Hardware_Devices/FPGA-project/project/uart_message_bin/uart_msg_loopback_tb.vhd
Error: Response message mismatch
Time: 2083600 ns  Iteration: 0  Process: /uart_msg_loopback_tb/stimulus  File: /home/alessio/ssd_data/Alessio/uni magistrale/Programmable_Hardware_Devices/FPGA-project/project/uart_message_bin/uart_msg_loopback_tb.vhd
Error: Application latency counter mismatch
Time: 2083600 ns  Iteration: 0  Process: /uart_msg_loopback_tb/stimulus  File: /home/alessio/ssd_data/Alessio/uni magistrale/Programmable_Hardware_Devices/FPGA-project/project/uart_message_bin/uart_msg_loopback_tb.vhd
## puts "REQ_DATA=[get_property VALUE [get_objects -r *bench_req_data]]"
REQ_DATA=00000000 00000000
## puts "REQ_VALID=[get_property VALUE [get_objects -r *bench_req_valid]]"
REQ_VALID=0 0
## puts "RSP_DATA=[get_property VALUE [get_objects -r *bench_rsp_data]]"
RSP_DATA=00000000 00000000
## puts "RSP_VALID=[get_property VALUE [get_objects -r *bench_rsp_valid]]"
RSP_VALID=0 0
## puts "APP_CYCLES=[get_property VALUE [get_objects -r *bench_app_cycles]]"
APP_CYCLES=00000000 00000000
## quit
INFO: xsimkernel Simulation Memory Usage: 506972 KB (Peak: 560404 KB), Simulation CPU Usage: 1410 ms
INFO: [Common 17-206] Exiting xsim at Wed Mar 25 18:36:25 2026...
